Using pre-set license
Built from '2021.3/staging' branch; Version is '2021.3.8f1 (b30333d56e81) revision 11731763'; Using compiler version '192829333'; Build Type 'Release'
OS: 'Windows 11  (10.0.22621) 64bit Professional' Language: 'en' Physical Memory: 32718 MB
BatchMode: 1, IsHumanControllingUs: 0, StartBugReporterOnCrash: 0, Is64bit: 1, IsPro: 1

COMMAND LINE ARGUMENTS:
F:\Installed Unity Versions\2021.3.8f1\Editor\Unity.exe
-adb2
-batchMode
-noUpm
-name
AssetImportWorker0
-projectPath
F:/Local Unity Projects/ProceduralPlanets
-logFile
Logs/AssetImportWorker0.log
-srvPort
61243
Successfully changed project path to: F:/Local Unity Projects/ProceduralPlanets
F:/Local Unity Projects/ProceduralPlanets
[UnityMemory] Configuration Parameters - Can be set up in boot.config
    "memorysetup-bucket-allocator-granularity=16"
    "memorysetup-bucket-allocator-bucket-count=8"
    "memorysetup-bucket-allocator-block-size=33554432"
    "memorysetup-bucket-allocator-block-count=8"
    "memorysetup-main-allocator-block-size=16777216"
    "memorysetup-thread-allocator-block-size=16777216"
    "memorysetup-gfx-main-allocator-block-size=16777216"
    "memorysetup-gfx-thread-allocator-block-size=16777216"
    "memorysetup-cache-allocator-block-size=4194304"
    "memorysetup-typetree-allocator-block-size=2097152"
    "memorysetup-profiler-bucket-allocator-granularity=16"
    "memorysetup-profiler-bucket-allocator-bucket-count=8"
    "memorysetup-profiler-bucket-allocator-block-size=33554432"
    "memorysetup-profiler-bucket-allocator-block-count=8"
    "memorysetup-profiler-allocator-block-size=16777216"
    "memorysetup-profiler-editor-allocator-block-size=1048576"
    "memorysetup-temp-allocator-size-main=16777216"
    "memorysetup-job-temp-allocator-block-size=2097152"
    "memorysetup-job-temp-allocator-block-size-background=1048576"
    "memorysetup-job-temp-allocator-reduction-small-platforms=262144"
    "memorysetup-temp-allocator-size-background-worker=32768"
    "memorysetup-temp-allocator-size-job-worker=262144"
    "memorysetup-temp-allocator-size-preload-manager=33554432"
    "memorysetup-temp-allocator-size-nav-mesh-worker=65536"
    "memorysetup-temp-allocator-size-audio-worker=65536"
    "memorysetup-temp-allocator-size-cloud-worker=32768"
    "memorysetup-temp-allocator-size-gi-baking-worker=262144"
    "memorysetup-temp-allocator-size-gfx=262144"
Refreshing native plugins compatible for Editor in 110.51 ms, found 3 plugins.
Preloading 0 native plugins for Editor in 0.00 ms.
Initialize engine version: 2021.3.8f1 (b30333d56e81)
[Subsystems] Discovering subsystems at path F:/Installed Unity Versions/2021.3.8f1/Editor/Data/Resources/UnitySubsystems
[Subsystems] Discovering subsystems at path F:/Local Unity Projects/ProceduralPlanets/Assets
GfxDevice: creating device client; threaded=0; jobified=0
Direct3D:
    Version:  Direct3D 11.0 [level 11.1]
    Renderer: NVIDIA GeForce RTX 3070 (ID=0x2484)
    Vendor:   NVIDIA
    VRAM:     8031 MB
    Driver:   31.0.15.3623
Initialize mono
Mono path[0] = 'F:/Installed Unity Versions/2021.3.8f1/Editor/Data/Managed'
Mono path[1] = 'F:/Installed Unity Versions/2021.3.8f1/Editor/Data/MonoBleedingEdge/lib/mono/unityjit-win32'
Mono config path = 'F:/Installed Unity Versions/2021.3.8f1/Editor/Data/MonoBleedingEdge/etc'
Using monoOptions --debugger-agent=transport=dt_socket,embedding=1,server=y,suspend=n,address=127.0.0.1:56284
Begin MonoManager ReloadAssembly
Registering precompiled unity dll's ...
Register platform support module: F:/Installed Unity Versions/2021.3.8f1/Editor/Data/PlaybackEngines/WindowsStandaloneSupport/UnityEditor.WindowsStandalone.Extensions.dll
Registered in 0.001531 seconds.
Native extension for WindowsStandalone target not found
Refreshing native plugins compatible for Editor in 129.15 ms, found 3 plugins.
Preloading 0 native plugins for Editor in 0.00 ms.
Mono: successfully reloaded assembly
- Completed reload, in  0.661 seconds
Domain Reload Profiling:
	ReloadAssembly (661ms)
		BeginReloadAssembly (68ms)
			ExecutionOrderSort (0ms)
			DisableScriptedObjects (0ms)
			BackupInstance (0ms)
			ReleaseScriptingObjects (0ms)
			CreateAndSetChildDomain (1ms)
		EndReloadAssembly (496ms)
			LoadAssemblies (67ms)
			RebuildTransferFunctionScriptingTraits (0ms)
			SetupTypeCache (108ms)
			ReleaseScriptCaches (0ms)
			RebuildScriptCaches (25ms)
			SetupLoadedEditorAssemblies (318ms)
				LogAssemblyErrors (0ms)
				InitializePlatformSupportModulesInManaged (6ms)
				SetLoadedEditorAssemblies (0ms)
				RefreshPlugins (129ms)
				BeforeProcessingInitializeOnLoad (1ms)
				ProcessInitializeOnLoadAttributes (135ms)
				ProcessInitializeOnLoadMethodAttributes (46ms)
				AfterProcessingInitializeOnLoad (0ms)
				EditorAssembliesLoaded (0ms)
			ExecutionOrderSort2 (0ms)
			AwakeInstancesAfterBackupRestoration (0ms)
Platform modules already initialized, skipping
Registering precompiled user dll's ...
Registered in 0.004543 seconds.
Begin MonoManager ReloadAssembly
Symbol file LoadedFromMemory doesn't match image F:\Local Unity Projects\ProceduralPlanets\Library\PackageCache\com.unity.visualscripting@1.7.8\Editor\VisualScripting.Core\Dependencies\YamlDotNet\Unity.VisualScripting.YamlDotNet.dll
Symbol file LoadedFromMemory doesn't match image F:\Local Unity Projects\ProceduralPlanets\Library\PackageCache\com.unity.visualscripting@1.7.8\Editor\VisualScripting.Core\Dependencies\DotNetZip\Unity.VisualScripting.IonicZip.dll
Native extension for WindowsStandalone target not found
Refreshing native plugins compatible for Editor in 120.11 ms, found 3 plugins.
Preloading 0 native plugins for Editor in 0.00 ms.
Mono: successfully reloaded assembly
- Completed reload, in  1.317 seconds
Domain Reload Profiling:
	ReloadAssembly (1318ms)
		BeginReloadAssembly (96ms)
			ExecutionOrderSort (0ms)
			DisableScriptedObjects (5ms)
			BackupInstance (0ms)
			ReleaseScriptingObjects (0ms)
			CreateAndSetChildDomain (19ms)
		EndReloadAssembly (1114ms)
			LoadAssemblies (90ms)
			RebuildTransferFunctionScriptingTraits (0ms)
			SetupTypeCache (360ms)
			ReleaseScriptCaches (1ms)
			RebuildScriptCaches (60ms)
			SetupLoadedEditorAssemblies (552ms)
				LogAssemblyErrors (0ms)
				InitializePlatformSupportModulesInManaged (3ms)
				SetLoadedEditorAssemblies (0ms)
				RefreshPlugins (120ms)
				BeforeProcessingInitializeOnLoad (111ms)
				ProcessInitializeOnLoadAttributes (230ms)
				ProcessInitializeOnLoadMethodAttributes (86ms)
				AfterProcessingInitializeOnLoad (2ms)
				EditorAssembliesLoaded (0ms)
			ExecutionOrderSort2 (0ms)
			AwakeInstancesAfterBackupRestoration (5ms)
Platform modules already initialized, skipping
========================================================================
Worker process is ready to serve import requests
Launched and connected shader compiler UnityShaderCompiler.exe after 0.04 seconds
Refreshing native plugins compatible for Editor in 1.58 ms, found 3 plugins.
Preloading 0 native plugins for Editor in 0.00 ms.
Unloading 5170 Unused Serialized files (Serialized files now loaded: 0)
Unloading 37 unused Assets / (0.7 MB). Loaded Objects now: 5620.
Memory consumption went from 203.0 MB to 202.2 MB.
Total: 4.991400 ms (FindLiveObjects: 0.769900 ms CreateObjectMapping: 0.178900 ms MarkObjects: 3.552600 ms  DeleteObjects: 0.488900 ms)

AssetImportParameters requested are different than current active one (requested -> active):
  custom:video-decoder-ogg-theora: a1e56fd34408186e4bbccfd4996cb3dc -> 
  custom:container-muxer-webm: aa71ff27fc2769a1b78a27578f13a17b -> 
  custom:container-demuxer-webm: 4f35f7cbe854078d1ac9338744f61a02 -> 
  custom:video-encoder-webm-vp8: eb34c28f22e8b96e1ab97ce403110664 -> 
  custom:audio-encoder-webm-vorbis: bf7c407c2cedff20999df2af8eb42d56 -> 
  custom:framework-win-MediaFoundation: 216162199b28c13a410421893ffa2e32 -> 
  custom:container-demuxer-ogg: 62fdf1f143b41e24485cea50d1cbac27 -> 
  custom:video-decoder-webm-vp8: 9c59270c3fd7afecdb556c50c9e8de78 -> 
  custom:audio-decoder-ogg-vorbis: bf7c407c2cedff20999df2af8eb42d56 -> 
========================================================================
Received Import Request.
  Time since last request: 20282.433548 seconds.
  path: Assets/Settings/NewColourSettings1.asset
  artifactKey: Guid(9327c7e733517c64ba4f17da5b16d054) Importer(815301076,1909f56bfc062723c751e8b465ee728b)
Start importing Assets/Settings/NewColourSettings1.asset using Guid(9327c7e733517c64ba4f17da5b16d054) Importer(815301076,1909f56bfc062723c751e8b465ee728b)  -> (artifact id: '0533703e2d41858d1f112c4d2e4e3184') in 0.052247 seconds 
========================================================================
Received Import Request.
  Time since last request: 0.000032 seconds.
  path: Assets/Settings/NewShapeSettings3.asset
  artifactKey: Guid(b46077bb47d588d45a3ab189b165bcb7) Importer(815301076,1909f56bfc062723c751e8b465ee728b)
Start importing Assets/Settings/NewShapeSettings3.asset using Guid(b46077bb47d588d45a3ab189b165bcb7) Importer(815301076,1909f56bfc062723c751e8b465ee728b)  -> (artifact id: 'a967c0c76eb7e399847b33abda587678') in 0.010627 seconds 
========================================================================
Received Import Request.
  Time since last request: 0.000027 seconds.
  path: Assets/Settings/NewShapeSettings2.asset
  artifactKey: Guid(f1055b8e7540342499335f213a5b16ab) Importer(815301076,1909f56bfc062723c751e8b465ee728b)
Start importing Assets/Settings/NewShapeSettings2.asset using Guid(f1055b8e7540342499335f213a5b16ab) Importer(815301076,1909f56bfc062723c751e8b465ee728b)  -> (artifact id: 'c4de239a51ed7da5143b492898214613') in 0.010223 seconds 
========================================================================
Received Import Request.
  Time since last request: 0.000028 seconds.
  path: Assets/Settings/NewShapeSettings1.asset
  artifactKey: Guid(3675d822ff05b544abd601d149cf4721) Importer(815301076,1909f56bfc062723c751e8b465ee728b)
Start importing Assets/Settings/NewShapeSettings1.asset using Guid(3675d822ff05b544abd601d149cf4721) Importer(815301076,1909f56bfc062723c751e8b465ee728b)  -> (artifact id: '569438aae1a5f77d05ed82f4606f0143') in 0.009687 seconds 
========================================================================
Received Import Request.
  Time since last request: 5.134964 seconds.
  path: Assets/Settings/NewShapeSettings4.asset
  artifactKey: Guid(14d75a279ec1fb04397ab142870601cd) Importer(815301076,1909f56bfc062723c751e8b465ee728b)
Start importing Assets/Settings/NewShapeSettings4.asset using Guid(14d75a279ec1fb04397ab142870601cd) Importer(815301076,1909f56bfc062723c751e8b465ee728b)  -> (artifact id: 'fb29884bf00daf6e3c99a2c9b4fcfae6') in 0.007188 seconds 
========================================================================
Received Import Request.
  Time since last request: 0.727750 seconds.
  path: Assets/Settings/NewShapeSettings5.asset
  artifactKey: Guid(3638a4e7b3596b941963737c3b132dad) Importer(815301076,1909f56bfc062723c751e8b465ee728b)
Start importing Assets/Settings/NewShapeSettings5.asset using Guid(3638a4e7b3596b941963737c3b132dad) Importer(815301076,1909f56bfc062723c751e8b465ee728b)  -> (artifact id: 'dd44944729e28fbbac161feee242d515') in 0.008572 seconds 
========================================================================
Received Import Request.
  Time since last request: 0.805892 seconds.
  path: Assets/Settings/NewShapeSettings6.asset
  artifactKey: Guid(197818db0fd86fe4296a2c1d4ade343c) Importer(815301076,1909f56bfc062723c751e8b465ee728b)
Start importing Assets/Settings/NewShapeSettings6.asset using Guid(197818db0fd86fe4296a2c1d4ade343c) Importer(815301076,1909f56bfc062723c751e8b465ee728b)  -> (artifact id: '1647ac7d32c8ac4b6773444939abc5e1') in 0.006847 seconds 
========================================================================
Received Import Request.
  Time since last request: 1.989733 seconds.
  path: Assets/Settings/NewShapeSettings7.asset
  artifactKey: Guid(ef918743b74622640b53eedb34e28e64) Importer(815301076,1909f56bfc062723c751e8b465ee728b)
Start importing Assets/Settings/NewShapeSettings7.asset using Guid(ef918743b74622640b53eedb34e28e64) Importer(815301076,1909f56bfc062723c751e8b465ee728b)  -> (artifact id: '6fe77fa0a97827f848caa2b065ebfe02') in 0.006520 seconds 
